INFO: [VRFC 10-2263] Analyzing Verilog file "C:/Users/IC-CAV/Documents/Vivado/EEE4120F-YODA/EEE4120F-YODA.gen/sources_1/ip/fifo_generator_0/sim/fifo_generator_0.v" into library xil_defaultlib
INFO: [VRFC 10-311] analyzing module fifo_generator_0
INFO: [VRFC 10-2263] Analyzing Verilog file "C:/Users/IC-CAV/Documents/Vivado/EEE4120F-YODA/EEE4120F-YODA.srcs/sources_1/new/fifo_21.v" into library xil_defaultlib
INFO: [VRFC 10-311] analyzing module fifo_21
INFO: [VRFC 10-2263] Analyzing Verilog file "C:/Users/IC-CAV/Documents/Vivado/EEE4120F-YODA/EEE4120F-YODA.srcs/sources_1/new/fifo_26.v" into library xil_defaultlib
INFO: [VRFC 10-311] analyzing module fifo_26
INFO: [VRFC 10-2263] Analyzing Verilog file "C:/Users/IC-CAV/Documents/Vivado/EEE4120F-YODA/EEE4120F-YODA.srcs/sources_1/new/fifo_28.v" into library xil_defaultlib
INFO: [VRFC 10-311] analyzing module fifo_28
INFO: [VRFC 10-2263] Analyzing Verilog file "C:/Users/IC-CAV/Documents/Vivado/EEE4120F-YODA/EEE4120F-YODA.srcs/sources_1/new/fifo_29.v" into library xil_defaultlib
INFO: [VRFC 10-311] analyzing module fifo_29
INFO: [VRFC 10-2263] Analyzing Verilog file "C:/Users/IC-CAV/Documents/Vivado/EEE4120F-YODA/EEE4120F-YODA.srcs/sources_1/new/fifo_30.v" into library xil_defaultlib
INFO: [VRFC 10-311] analyzing module fifo_30
INFO: [VRFC 10-2263] Analyzing Verilog file "C:/Users/IC-CAV/Documents/Vivado/EEE4120F-YODA/EEE4120F-YODA.srcs/sources_1/new/fifo_31.v" into library xil_defaultlib
INFO: [VRFC 10-311] analyzing module fifo_31
INFO: [VRFC 10-2263] Analyzing Verilog file "C:/Users/IC-CAV/Documents/Vivado/EEE4120F-YODA/EEE4120F-YODA.srcs/sources_1/new/fifo_32.v" into library xil_defaultlib
INFO: [VRFC 10-311] analyzing module fifo_32
INFO: [VRFC 10-2263] Analyzing Verilog file "C:/Users/IC-CAV/Documents/Vivado/EEE4120F-YODA/EEE4120F-YODA.srcs/sources_1/new/rand_gen.v" into library xil_defaultlib
INFO: [VRFC 10-311] analyzing module rand_gen
INFO: [VRFC 10-2263] Analyzing Verilog file "C:/Users/IC-CAV/Documents/Vivado/EEE4120F-YODA/EEE4120F-YODA.srcs/sim_1/new/rand_gen_tb.v" into library xil_defaultlib
INFO: [VRFC 10-311] analyzing module rand_gen_tb
